Building prefix dict from the default dictionary ...
Dumping model to file cache /tmp/jieba.cache
Loading model cost 0.608 seconds.
Prefix dict has been built successfully.
Using device: cuda
IN: TextClassificationModel_CNN_MHA
Test Loss: 3.8629, Train Loss: 4.3759, Test Emotion Accuracy: 0.6650, Test Feature Accuracy: 0.1079
Test Loss: 3.8529, Train Loss: 3.9306, Test Emotion Accuracy: 0.6650, Test Feature Accuracy: 0.1079
Test Loss: 3.8250, Train Loss: 3.8909, Test Emotion Accuracy: 0.6650, Test Feature Accuracy: 0.1249
Test Loss: 3.7853, Train Loss: 3.8684, Test Emotion Accuracy: 0.6650, Test Feature Accuracy: 0.1079
Test Loss: 3.7583, Train Loss: 3.8063, Test Emotion Accuracy: 0.6650, Test Feature Accuracy: 0.1079
Test Loss: 3.7214, Train Loss: 3.7292, Test Emotion Accuracy: 0.6650, Test Feature Accuracy: 0.1079
Test Loss: 3.6904, Train Loss: 3.6437, Test Emotion Accuracy: 0.7111, Test Feature Accuracy: 0.1391
Test Loss: 3.5887, Train Loss: 3.5344, Test Emotion Accuracy: 0.7161, Test Feature Accuracy: 0.1789
Test Loss: 3.5300, Train Loss: 3.3685, Test Emotion Accuracy: 0.7615, Test Feature Accuracy: 0.1852
Test Loss: 3.5386, Train Loss: 3.2574, Test Emotion Accuracy: 0.7828, Test Feature Accuracy: 0.1845
Test Loss: 3.3680, Train Loss: 3.1797, Test Emotion Accuracy: 0.7779, Test Feature Accuracy: 0.2023
Test Loss: 3.3492, Train Loss: 3.0993, Test Emotion Accuracy: 0.7850, Test Feature Accuracy: 0.2321
Test Loss: 3.1874, Train Loss: 3.0180, Test Emotion Accuracy: 0.7956, Test Feature Accuracy: 0.2697
Test Loss: 3.1983, Train Loss: 2.9014, Test Emotion Accuracy: 0.7928, Test Feature Accuracy: 0.2661
Test Loss: 3.1462, Train Loss: 2.8651, Test Emotion Accuracy: 0.7970, Test Feature Accuracy: 0.3286
Test Loss: 3.0693, Train Loss: 2.7680, Test Emotion Accuracy: 0.8048, Test Feature Accuracy: 0.3400
Test Loss: 2.9927, Train Loss: 2.7418, Test Emotion Accuracy: 0.7906, Test Feature Accuracy: 0.3634
Test Loss: 3.0128, Train Loss: 2.6574, Test Emotion Accuracy: 0.8055, Test Feature Accuracy: 0.3683
Test Loss: 2.9175, Train Loss: 2.5833, Test Emotion Accuracy: 0.8048, Test Feature Accuracy: 0.3847
Test Loss: 2.9033, Train Loss: 2.5484, Test Emotion Accuracy: 0.8098, Test Feature Accuracy: 0.3953
Test Loss: 2.8995, Train Loss: 2.5169, Test Emotion Accuracy: 0.8084, Test Feature Accuracy: 0.4024
Test Loss: 2.8556, Train Loss: 2.5098, Test Emotion Accuracy: 0.8027, Test Feature Accuracy: 0.4344
Test Loss: 2.7720, Train Loss: 2.3921, Test Emotion Accuracy: 0.8077, Test Feature Accuracy: 0.4521
Test Loss: 2.8649, Train Loss: 2.3911, Test Emotion Accuracy: 0.8105, Test Feature Accuracy: 0.4500
Test Loss: 2.8758, Train Loss: 2.3105, Test Emotion Accuracy: 0.7885, Test Feature Accuracy: 0.4556
Test Loss: 2.7658, Train Loss: 2.2305, Test Emotion Accuracy: 0.8091, Test Feature Accuracy: 0.4698
Test Loss: 2.7871, Train Loss: 2.2243, Test Emotion Accuracy: 0.7942, Test Feature Accuracy: 0.4649
Test Loss: 2.6947, Train Loss: 2.1675, Test Emotion Accuracy: 0.8062, Test Feature Accuracy: 0.4918
Test Loss: 2.7305, Train Loss: 2.1473, Test Emotion Accuracy: 0.8133, Test Feature Accuracy: 0.4862
Test Loss: 2.7733, Train Loss: 2.1308, Test Emotion Accuracy: 0.8133, Test Feature Accuracy: 0.4833
Test Loss: 2.7371, Train Loss: 2.0559, Test Emotion Accuracy: 0.8070, Test Feature Accuracy: 0.4890
Test Loss: 2.6408, Train Loss: 2.0296, Test Emotion Accuracy: 0.8169, Test Feature Accuracy: 0.5060
Test Loss: 2.7324, Train Loss: 1.9844, Test Emotion Accuracy: 0.8162, Test Feature Accuracy: 0.5117
Test Loss: 2.6885, Train Loss: 1.8679, Test Emotion Accuracy: 0.8041, Test Feature Accuracy: 0.5089
Test Loss: 2.6783, Train Loss: 1.9492, Test Emotion Accuracy: 0.8190, Test Feature Accuracy: 0.5082
Test Loss: 2.7588, Train Loss: 1.8864, Test Emotion Accuracy: 0.8169, Test Feature Accuracy: 0.5117
Test Loss: 2.7089, Train Loss: 1.8552, Test Emotion Accuracy: 0.8211, Test Feature Accuracy: 0.5231
Test Loss: 2.7589, Train Loss: 1.8383, Test Emotion Accuracy: 0.8183, Test Feature Accuracy: 0.5259
Test Loss: 2.8290, Train Loss: 1.7848, Test Emotion Accuracy: 0.8162, Test Feature Accuracy: 0.5266
Test Loss: 2.7825, Train Loss: 1.7370, Test Emotion Accuracy: 0.8112, Test Feature Accuracy: 0.5358
Test Loss: 2.8695, Train Loss: 1.7242, Test Emotion Accuracy: 0.8219, Test Feature Accuracy: 0.5366
Test Loss: 2.8063, Train Loss: 1.6549, Test Emotion Accuracy: 0.8176, Test Feature Accuracy: 0.5380
Test Loss: 2.8374, Train Loss: 1.6356, Test Emotion Accuracy: 0.8297, Test Feature Accuracy: 0.5486
Test Loss: 2.9272, Train Loss: 1.6262, Test Emotion Accuracy: 0.7963, Test Feature Accuracy: 0.5387
Test Loss: 2.9225, Train Loss: 1.6165, Test Emotion Accuracy: 0.8226, Test Feature Accuracy: 0.5479
Test Loss: 2.9966, Train Loss: 1.6188, Test Emotion Accuracy: 0.8084, Test Feature Accuracy: 0.5380
Test Loss: 2.8547, Train Loss: 1.5342, Test Emotion Accuracy: 0.8169, Test Feature Accuracy: 0.5564
Test Loss: 3.0012, Train Loss: 1.5547, Test Emotion Accuracy: 0.8297, Test Feature Accuracy: 0.5479
Test Loss: 3.1026, Train Loss: 1.5118, Test Emotion Accuracy: 0.8282, Test Feature Accuracy: 0.5415
Test Loss: 3.0501, Train Loss: 1.4723, Test Emotion Accuracy: 0.8297, Test Feature Accuracy: 0.5557
IN: TextClassificationModel_BiLSTM_CNN_MHA
Test Loss: 3.9943, Train Loss: 4.4943, Test Emotion Accuracy: 0.6650, Test Feature Accuracy: 0.1079
Test Loss: 3.8459, Train Loss: 4.0210, Test Emotion Accuracy: 0.6650, Test Feature Accuracy: 0.1079
Test Loss: 3.8164, Train Loss: 3.9615, Test Emotion Accuracy: 0.6650, Test Feature Accuracy: 0.1079
Test Loss: 3.8142, Train Loss: 3.9176, Test Emotion Accuracy: 0.6650, Test Feature Accuracy: 0.1079
Test Loss: 3.5400, Train Loss: 3.8591, Test Emotion Accuracy: 0.6650, Test Feature Accuracy: 0.1192
Test Loss: 3.1953, Train Loss: 3.3563, Test Emotion Accuracy: 0.6835, Test Feature Accuracy: 0.1838
Test Loss: 3.0752, Train Loss: 3.1954, Test Emotion Accuracy: 0.6671, Test Feature Accuracy: 0.1831
Test Loss: 3.0337, Train Loss: 3.1119, Test Emotion Accuracy: 0.7048, Test Feature Accuracy: 0.1909
Test Loss: 2.8522, Train Loss: 3.0099, Test Emotion Accuracy: 0.7708, Test Feature Accuracy: 0.3009
Test Loss: 2.6951, Train Loss: 2.8349, Test Emotion Accuracy: 0.7537, Test Feature Accuracy: 0.3463
Test Loss: 2.5837, Train Loss: 2.7203, Test Emotion Accuracy: 0.7878, Test Feature Accuracy: 0.3570
Test Loss: 2.4904, Train Loss: 2.5994, Test Emotion Accuracy: 0.8020, Test Feature Accuracy: 0.3648
Test Loss: 2.4537, Train Loss: 2.5076, Test Emotion Accuracy: 0.8084, Test Feature Accuracy: 0.3563
Test Loss: 2.3316, Train Loss: 2.4130, Test Emotion Accuracy: 0.8233, Test Feature Accuracy: 0.3882
Test Loss: 2.2709, Train Loss: 2.3289, Test Emotion Accuracy: 0.8077, Test Feature Accuracy: 0.4173
Test Loss: 2.1850, Train Loss: 2.2768, Test Emotion Accuracy: 0.8190, Test Feature Accuracy: 0.4216
Test Loss: 2.1356, Train Loss: 2.1961, Test Emotion Accuracy: 0.8169, Test Feature Accuracy: 0.4351
Test Loss: 2.0837, Train Loss: 2.1228, Test Emotion Accuracy: 0.8219, Test Feature Accuracy: 0.4386
Test Loss: 2.0544, Train Loss: 2.0781, Test Emotion Accuracy: 0.8133, Test Feature Accuracy: 0.4485
Test Loss: 2.0165, Train Loss: 2.0501, Test Emotion Accuracy: 0.8176, Test Feature Accuracy: 0.4436
Test Loss: 2.0002, Train Loss: 2.0228, Test Emotion Accuracy: 0.8204, Test Feature Accuracy: 0.4592
Test Loss: 1.9680, Train Loss: 1.9857, Test Emotion Accuracy: 0.8084, Test Feature Accuracy: 0.4528
Test Loss: 1.9208, Train Loss: 1.9468, Test Emotion Accuracy: 0.8233, Test Feature Accuracy: 0.4564
Test Loss: 1.8933, Train Loss: 1.9142, Test Emotion Accuracy: 0.8162, Test Feature Accuracy: 0.4613
Test Loss: 1.9448, Train Loss: 1.8953, Test Emotion Accuracy: 0.8126, Test Feature Accuracy: 0.4819
Test Loss: 1.8840, Train Loss: 1.8767, Test Emotion Accuracy: 0.8190, Test Feature Accuracy: 0.4741
Test Loss: 1.8610, Train Loss: 1.8425, Test Emotion Accuracy: 0.8162, Test Feature Accuracy: 0.4833
Test Loss: 1.8204, Train Loss: 1.7996, Test Emotion Accuracy: 0.8155, Test Feature Accuracy: 0.4883
Test Loss: 1.7976, Train Loss: 1.7860, Test Emotion Accuracy: 0.8070, Test Feature Accuracy: 0.5174
Test Loss: 1.7701, Train Loss: 1.7679, Test Emotion Accuracy: 0.8133, Test Feature Accuracy: 0.5131
Test Loss: 1.7820, Train Loss: 1.7655, Test Emotion Accuracy: 0.8119, Test Feature Accuracy: 0.4904
Test Loss: 1.7497, Train Loss: 1.7265, Test Emotion Accuracy: 0.8098, Test Feature Accuracy: 0.5266
Test Loss: 1.7539, Train Loss: 1.7529, Test Emotion Accuracy: 0.8141, Test Feature Accuracy: 0.5436
Test Loss: 1.6751, Train Loss: 1.6863, Test Emotion Accuracy: 0.8183, Test Feature Accuracy: 0.5713
Test Loss: 1.6425, Train Loss: 1.6349, Test Emotion Accuracy: 0.8055, Test Feature Accuracy: 0.6004
Test Loss: 1.6166, Train Loss: 1.6131, Test Emotion Accuracy: 0.8112, Test Feature Accuracy: 0.6125
Test Loss: 1.6314, Train Loss: 1.5644, Test Emotion Accuracy: 0.7928, Test Feature Accuracy: 0.6111
Test Loss: 1.6070, Train Loss: 1.4925, Test Emotion Accuracy: 0.8141, Test Feature Accuracy: 0.5848
Test Loss: 1.6074, Train Loss: 1.4957, Test Emotion Accuracy: 0.8155, Test Feature Accuracy: 0.6097
Test Loss: 1.5366, Train Loss: 1.4868, Test Emotion Accuracy: 0.8169, Test Feature Accuracy: 0.6480
Test Loss: 1.5317, Train Loss: 1.4379, Test Emotion Accuracy: 0.8084, Test Feature Accuracy: 0.6487
Test Loss: 1.4629, Train Loss: 1.4188, Test Emotion Accuracy: 0.8084, Test Feature Accuracy: 0.6764
Test Loss: 1.4392, Train Loss: 1.3674, Test Emotion Accuracy: 0.8162, Test Feature Accuracy: 0.6969
Test Loss: 1.5116, Train Loss: 1.3786, Test Emotion Accuracy: 0.8098, Test Feature Accuracy: 0.6678
Test Loss: 1.4143, Train Loss: 1.3518, Test Emotion Accuracy: 0.8006, Test Feature Accuracy: 0.6891
Test Loss: 1.4408, Train Loss: 1.3321, Test Emotion Accuracy: 0.8133, Test Feature Accuracy: 0.7069
Test Loss: 1.4189, Train Loss: 1.3043, Test Emotion Accuracy: 0.8133, Test Feature Accuracy: 0.7140
Test Loss: 1.4258, Train Loss: 1.3026, Test Emotion Accuracy: 0.8070, Test Feature Accuracy: 0.6820
Test Loss: 1.4612, Train Loss: 1.3038, Test Emotion Accuracy: 0.8126, Test Feature Accuracy: 0.6764
Test Loss: 1.3528, Train Loss: 1.2597, Test Emotion Accuracy: 0.8105, Test Feature Accuracy: 0.7260
IN: TextClassificationModel_BiGRU
Test Loss: 4.6569, Train Loss: 4.7395, Test Emotion Accuracy: 0.6650, Test Feature Accuracy: 0.0987
Test Loss: 4.2490, Train Loss: 4.5065, Test Emotion Accuracy: 0.6650, Test Feature Accuracy: 0.1164
Test Loss: 3.8521, Train Loss: 4.1671, Test Emotion Accuracy: 0.6650, Test Feature Accuracy: 0.1093
Test Loss: 3.6989, Train Loss: 3.9358, Test Emotion Accuracy: 0.6650, Test Feature Accuracy: 0.1128
Test Loss: 3.4895, Train Loss: 3.7582, Test Emotion Accuracy: 0.6757, Test Feature Accuracy: 0.1100
Test Loss: 3.3489, Train Loss: 3.5637, Test Emotion Accuracy: 0.7346, Test Feature Accuracy: 0.1994
Test Loss: 3.2211, Train Loss: 3.4231, Test Emotion Accuracy: 0.7260, Test Feature Accuracy: 0.2960
Test Loss: 3.0969, Train Loss: 3.3200, Test Emotion Accuracy: 0.6927, Test Feature Accuracy: 0.3180
Test Loss: 2.9887, Train Loss: 3.2090, Test Emotion Accuracy: 0.7040, Test Feature Accuracy: 0.3542
Test Loss: 2.8897, Train Loss: 3.1067, Test Emotion Accuracy: 0.7090, Test Feature Accuracy: 0.3655
Test Loss: 2.7770, Train Loss: 3.0112, Test Emotion Accuracy: 0.7260, Test Feature Accuracy: 0.3691
Test Loss: 2.6810, Train Loss: 2.9102, Test Emotion Accuracy: 0.7310, Test Feature Accuracy: 0.3719
Test Loss: 2.5654, Train Loss: 2.8193, Test Emotion Accuracy: 0.7502, Test Feature Accuracy: 0.4038
Test Loss: 2.4521, Train Loss: 2.7193, Test Emotion Accuracy: 0.8027, Test Feature Accuracy: 0.4698
Test Loss: 2.3535, Train Loss: 2.6071, Test Emotion Accuracy: 0.8133, Test Feature Accuracy: 0.5295
Test Loss: 2.2644, Train Loss: 2.5414, Test Emotion Accuracy: 0.8112, Test Feature Accuracy: 0.5962
Test Loss: 2.1761, Train Loss: 2.4639, Test Emotion Accuracy: 0.8162, Test Feature Accuracy: 0.6111
Test Loss: 2.1016, Train Loss: 2.3785, Test Emotion Accuracy: 0.8148, Test Feature Accuracy: 0.6324
Test Loss: 2.0471, Train Loss: 2.3018, Test Emotion Accuracy: 0.8204, Test Feature Accuracy: 0.6352
Test Loss: 1.9733, Train Loss: 2.2519, Test Emotion Accuracy: 0.8183, Test Feature Accuracy: 0.6309
Test Loss: 1.9266, Train Loss: 2.1917, Test Emotion Accuracy: 0.8183, Test Feature Accuracy: 0.6579
Test Loss: 1.8715, Train Loss: 2.1488, Test Emotion Accuracy: 0.8211, Test Feature Accuracy: 0.6927
Test Loss: 1.8216, Train Loss: 2.0873, Test Emotion Accuracy: 0.8247, Test Feature Accuracy: 0.7026
Test Loss: 1.7722, Train Loss: 2.0439, Test Emotion Accuracy: 0.8254, Test Feature Accuracy: 0.7182
Test Loss: 1.7351, Train Loss: 1.9937, Test Emotion Accuracy: 0.8240, Test Feature Accuracy: 0.7402
Test Loss: 1.6853, Train Loss: 1.9608, Test Emotion Accuracy: 0.8290, Test Feature Accuracy: 0.7331
Test Loss: 1.6532, Train Loss: 1.9225, Test Emotion Accuracy: 0.8275, Test Feature Accuracy: 0.7608
Test Loss: 1.6238, Train Loss: 1.8794, Test Emotion Accuracy: 0.8268, Test Feature Accuracy: 0.7679
Test Loss: 1.5797, Train Loss: 1.8332, Test Emotion Accuracy: 0.8318, Test Feature Accuracy: 0.7729
Test Loss: 1.5447, Train Loss: 1.8006, Test Emotion Accuracy: 0.8325, Test Feature Accuracy: 0.7757
Test Loss: 1.5099, Train Loss: 1.7661, Test Emotion Accuracy: 0.8325, Test Feature Accuracy: 0.7771
Test Loss: 1.4878, Train Loss: 1.7292, Test Emotion Accuracy: 0.8297, Test Feature Accuracy: 0.7793
Test Loss: 1.4566, Train Loss: 1.6824, Test Emotion Accuracy: 0.8332, Test Feature Accuracy: 0.7757
Test Loss: 1.4321, Train Loss: 1.6496, Test Emotion Accuracy: 0.8325, Test Feature Accuracy: 0.7779
Test Loss: 1.4128, Train Loss: 1.6437, Test Emotion Accuracy: 0.8311, Test Feature Accuracy: 0.7786
Test Loss: 1.4057, Train Loss: 1.6282, Test Emotion Accuracy: 0.8275, Test Feature Accuracy: 0.7793
Test Loss: 1.3745, Train Loss: 1.6149, Test Emotion Accuracy: 0.8325, Test Feature Accuracy: 0.7800
Test Loss: 1.3549, Train Loss: 1.5447, Test Emotion Accuracy: 0.8346, Test Feature Accuracy: 0.7821
Test Loss: 1.3395, Train Loss: 1.5354, Test Emotion Accuracy: 0.8353, Test Feature Accuracy: 0.7821
Test Loss: 1.3245, Train Loss: 1.5304, Test Emotion Accuracy: 0.8339, Test Feature Accuracy: 0.7828
Test Loss: 1.3101, Train Loss: 1.5016, Test Emotion Accuracy: 0.8346, Test Feature Accuracy: 0.7864
Test Loss: 1.2945, Train Loss: 1.4865, Test Emotion Accuracy: 0.8353, Test Feature Accuracy: 0.7814
Test Loss: 1.2856, Train Loss: 1.4641, Test Emotion Accuracy: 0.8361, Test Feature Accuracy: 0.7864
Test Loss: 1.2812, Train Loss: 1.4446, Test Emotion Accuracy: 0.8368, Test Feature Accuracy: 0.7842
Test Loss: 1.2802, Train Loss: 1.4127, Test Emotion Accuracy: 0.8375, Test Feature Accuracy: 0.7928
Test Loss: 1.2635, Train Loss: 1.4218, Test Emotion Accuracy: 0.8353, Test Feature Accuracy: 0.7857
Test Loss: 1.2563, Train Loss: 1.3853, Test Emotion Accuracy: 0.8396, Test Feature Accuracy: 0.7906
Test Loss: 1.2330, Train Loss: 1.3833, Test Emotion Accuracy: 0.8396, Test Feature Accuracy: 0.7942
Test Loss: 1.2280, Train Loss: 1.3745, Test Emotion Accuracy: 0.8396, Test Feature Accuracy: 0.7991
Test Loss: 1.2185, Train Loss: 1.3555, Test Emotion Accuracy: 0.8382, Test Feature Accuracy: 0.7991
IN: TextClassificationModel_BiLSTM_MHA
Test Loss: 3.9264, Train Loss: 4.3928, Test Emotion Accuracy: 0.6650, Test Feature Accuracy: 0.1079
Test Loss: 3.8289, Train Loss: 3.9937, Test Emotion Accuracy: 0.6650, Test Feature Accuracy: 0.1065
Test Loss: 3.7979, Train Loss: 3.9226, Test Emotion Accuracy: 0.6650, Test Feature Accuracy: 0.1079
Test Loss: 3.7901, Train Loss: 3.9144, Test Emotion Accuracy: 0.6650, Test Feature Accuracy: 0.1086
Test Loss: 3.7626, Train Loss: 3.8803, Test Emotion Accuracy: 0.6650, Test Feature Accuracy: 0.1079
Test Loss: 3.7474, Train Loss: 3.7889, Test Emotion Accuracy: 0.6650, Test Feature Accuracy: 0.1079
Test Loss: 3.2377, Train Loss: 3.5023, Test Emotion Accuracy: 0.6806, Test Feature Accuracy: 0.1810
Test Loss: 3.0302, Train Loss: 3.1555, Test Emotion Accuracy: 0.7445, Test Feature Accuracy: 0.2044
Test Loss: 2.8703, Train Loss: 3.0004, Test Emotion Accuracy: 0.7857, Test Feature Accuracy: 0.2505
Test Loss: 2.5369, Train Loss: 2.7498, Test Emotion Accuracy: 0.8219, Test Feature Accuracy: 0.3634
Test Loss: 2.4005, Train Loss: 2.5357, Test Emotion Accuracy: 0.8119, Test Feature Accuracy: 0.3804
Test Loss: 2.2291, Train Loss: 2.3207, Test Emotion Accuracy: 0.7991, Test Feature Accuracy: 0.3918
Test Loss: 2.1134, Train Loss: 2.2269, Test Emotion Accuracy: 0.8084, Test Feature Accuracy: 0.4010
Test Loss: 2.0323, Train Loss: 2.1081, Test Emotion Accuracy: 0.7899, Test Feature Accuracy: 0.4329
Test Loss: 1.9619, Train Loss: 2.0334, Test Emotion Accuracy: 0.7991, Test Feature Accuracy: 0.4720
Test Loss: 1.8651, Train Loss: 1.9526, Test Emotion Accuracy: 0.8091, Test Feature Accuracy: 0.5131
Test Loss: 1.8445, Train Loss: 1.9040, Test Emotion Accuracy: 0.8006, Test Feature Accuracy: 0.5366
Test Loss: 1.8084, Train Loss: 1.8456, Test Emotion Accuracy: 0.8098, Test Feature Accuracy: 0.5224
Test Loss: 1.7544, Train Loss: 1.7927, Test Emotion Accuracy: 0.8006, Test Feature Accuracy: 0.5486
Test Loss: 1.7472, Train Loss: 1.7815, Test Emotion Accuracy: 0.7999, Test Feature Accuracy: 0.5465
Test Loss: 1.7227, Train Loss: 1.7018, Test Emotion Accuracy: 0.8077, Test Feature Accuracy: 0.5749
Test Loss: 1.6571, Train Loss: 1.6757, Test Emotion Accuracy: 0.8084, Test Feature Accuracy: 0.5735
Test Loss: 1.6744, Train Loss: 1.6459, Test Emotion Accuracy: 0.8098, Test Feature Accuracy: 0.5827
Test Loss: 1.6003, Train Loss: 1.6437, Test Emotion Accuracy: 0.8034, Test Feature Accuracy: 0.6210
Test Loss: 1.5614, Train Loss: 1.5664, Test Emotion Accuracy: 0.7885, Test Feature Accuracy: 0.6345
Test Loss: 1.5571, Train Loss: 1.5180, Test Emotion Accuracy: 0.8084, Test Feature Accuracy: 0.6395
Test Loss: 1.5314, Train Loss: 1.5714, Test Emotion Accuracy: 0.8027, Test Feature Accuracy: 0.6224
Test Loss: 1.5334, Train Loss: 1.4939, Test Emotion Accuracy: 0.7857, Test Feature Accuracy: 0.6224
Test Loss: 1.4856, Train Loss: 1.4585, Test Emotion Accuracy: 0.8034, Test Feature Accuracy: 0.6473
Test Loss: 1.4602, Train Loss: 1.4601, Test Emotion Accuracy: 0.8041, Test Feature Accuracy: 0.6906
Test Loss: 1.4661, Train Loss: 1.4132, Test Emotion Accuracy: 0.8006, Test Feature Accuracy: 0.6906
Test Loss: 1.4743, Train Loss: 1.4039, Test Emotion Accuracy: 0.8041, Test Feature Accuracy: 0.6622
Test Loss: 1.3826, Train Loss: 1.3661, Test Emotion Accuracy: 0.8077, Test Feature Accuracy: 0.6955
Test Loss: 1.4353, Train Loss: 1.3699, Test Emotion Accuracy: 0.8077, Test Feature Accuracy: 0.6877
Test Loss: 1.3718, Train Loss: 1.3301, Test Emotion Accuracy: 0.7835, Test Feature Accuracy: 0.7076
Test Loss: 1.3213, Train Loss: 1.3298, Test Emotion Accuracy: 0.8091, Test Feature Accuracy: 0.7104
Test Loss: 1.3380, Train Loss: 1.3232, Test Emotion Accuracy: 0.8041, Test Feature Accuracy: 0.7012
Test Loss: 1.3632, Train Loss: 1.2843, Test Emotion Accuracy: 0.8091, Test Feature Accuracy: 0.6991
Test Loss: 1.3190, Train Loss: 1.2916, Test Emotion Accuracy: 0.8048, Test Feature Accuracy: 0.7282
Test Loss: 1.3019, Train Loss: 1.2805, Test Emotion Accuracy: 0.8077, Test Feature Accuracy: 0.7218
Test Loss: 1.2884, Train Loss: 1.2336, Test Emotion Accuracy: 0.8133, Test Feature Accuracy: 0.7076
Test Loss: 1.2701, Train Loss: 1.2272, Test Emotion Accuracy: 0.8098, Test Feature Accuracy: 0.7189
Test Loss: 1.2366, Train Loss: 1.2072, Test Emotion Accuracy: 0.8077, Test Feature Accuracy: 0.7346
Test Loss: 1.2391, Train Loss: 1.1913, Test Emotion Accuracy: 0.8062, Test Feature Accuracy: 0.7402
Test Loss: 1.2264, Train Loss: 1.1721, Test Emotion Accuracy: 0.8077, Test Feature Accuracy: 0.7239
Test Loss: 1.2108, Train Loss: 1.1740, Test Emotion Accuracy: 0.8091, Test Feature Accuracy: 0.7402
Test Loss: 1.2185, Train Loss: 1.1842, Test Emotion Accuracy: 0.7793, Test Feature Accuracy: 0.7275
Test Loss: 1.2061, Train Loss: 1.1674, Test Emotion Accuracy: 0.8077, Test Feature Accuracy: 0.7331
Test Loss: 1.1899, Train Loss: 1.1432, Test Emotion Accuracy: 0.8070, Test Feature Accuracy: 0.7367
Test Loss: 1.2370, Train Loss: 1.1433, Test Emotion Accuracy: 0.8062, Test Feature Accuracy: 0.7268
IN: TextClassificationModel_GRU_MHA
Test Loss: 3.9194, Train Loss: 4.4221, Test Emotion Accuracy: 0.6650, Test Feature Accuracy: 0.1079
Test Loss: 3.8218, Train Loss: 3.9896, Test Emotion Accuracy: 0.6650, Test Feature Accuracy: 0.1079
Test Loss: 3.8410, Train Loss: 3.9444, Test Emotion Accuracy: 0.6650, Test Feature Accuracy: 0.1079
Test Loss: 3.7956, Train Loss: 3.9039, Test Emotion Accuracy: 0.6650, Test Feature Accuracy: 0.1079
Test Loss: 3.7774, Train Loss: 3.8829, Test Emotion Accuracy: 0.6650, Test Feature Accuracy: 0.1079
Test Loss: 3.7142, Train Loss: 3.8493, Test Emotion Accuracy: 0.6650, Test Feature Accuracy: 0.1079
Test Loss: 3.6686, Train Loss: 3.7217, Test Emotion Accuracy: 0.6657, Test Feature Accuracy: 0.1143
Test Loss: 3.5775, Train Loss: 3.5764, Test Emotion Accuracy: 0.6764, Test Feature Accuracy: 0.1746
Test Loss: 3.3950, Train Loss: 3.3748, Test Emotion Accuracy: 0.7587, Test Feature Accuracy: 0.1796
Test Loss: 3.3404, Train Loss: 3.2367, Test Emotion Accuracy: 0.7850, Test Feature Accuracy: 0.1909
Test Loss: 3.3236, Train Loss: 3.1694, Test Emotion Accuracy: 0.7786, Test Feature Accuracy: 0.1923
Test Loss: 3.2988, Train Loss: 3.0783, Test Emotion Accuracy: 0.7807, Test Feature Accuracy: 0.2150
Test Loss: 3.2823, Train Loss: 3.0189, Test Emotion Accuracy: 0.7913, Test Feature Accuracy: 0.2051
Test Loss: 3.2536, Train Loss: 2.9686, Test Emotion Accuracy: 0.7942, Test Feature Accuracy: 0.2257
Test Loss: 3.1656, Train Loss: 2.9383, Test Emotion Accuracy: 0.7970, Test Feature Accuracy: 0.2292
Test Loss: 3.1030, Train Loss: 2.8697, Test Emotion Accuracy: 0.7942, Test Feature Accuracy: 0.2271
Test Loss: 3.0471, Train Loss: 2.8092, Test Emotion Accuracy: 0.8041, Test Feature Accuracy: 0.2328
Test Loss: 2.9973, Train Loss: 2.7289, Test Emotion Accuracy: 0.8148, Test Feature Accuracy: 0.2378
Test Loss: 2.9485, Train Loss: 2.6642, Test Emotion Accuracy: 0.8084, Test Feature Accuracy: 0.2605
Test Loss: 2.7997, Train Loss: 2.5745, Test Emotion Accuracy: 0.8077, Test Feature Accuracy: 0.2825
Test Loss: 2.7365, Train Loss: 2.5104, Test Emotion Accuracy: 0.8098, Test Feature Accuracy: 0.3144
Test Loss: 2.6165, Train Loss: 2.4816, Test Emotion Accuracy: 0.8077, Test Feature Accuracy: 0.3456
Test Loss: 2.5426, Train Loss: 2.3920, Test Emotion Accuracy: 0.8077, Test Feature Accuracy: 0.3534
Test Loss: 2.4952, Train Loss: 2.3227, Test Emotion Accuracy: 0.8119, Test Feature Accuracy: 0.3712
Test Loss: 2.4559, Train Loss: 2.2649, Test Emotion Accuracy: 0.8098, Test Feature Accuracy: 0.3712
Test Loss: 2.3682, Train Loss: 2.2326, Test Emotion Accuracy: 0.8141, Test Feature Accuracy: 0.4159
Test Loss: 2.3444, Train Loss: 2.1221, Test Emotion Accuracy: 0.8055, Test Feature Accuracy: 0.4116
Test Loss: 2.2808, Train Loss: 2.0614, Test Emotion Accuracy: 0.8098, Test Feature Accuracy: 0.4826
Test Loss: 2.2388, Train Loss: 1.9880, Test Emotion Accuracy: 0.8105, Test Feature Accuracy: 0.4975
Test Loss: 2.1847, Train Loss: 1.9576, Test Emotion Accuracy: 0.8133, Test Feature Accuracy: 0.4826
Test Loss: 2.1397, Train Loss: 1.8877, Test Emotion Accuracy: 0.8062, Test Feature Accuracy: 0.5209
Test Loss: 2.1226, Train Loss: 1.8441, Test Emotion Accuracy: 0.8148, Test Feature Accuracy: 0.5089
Test Loss: 2.1036, Train Loss: 1.7993, Test Emotion Accuracy: 0.8126, Test Feature Accuracy: 0.5160
Test Loss: 2.0975, Train Loss: 1.7630, Test Emotion Accuracy: 0.8155, Test Feature Accuracy: 0.5330
Test Loss: 2.0967, Train Loss: 1.7376, Test Emotion Accuracy: 0.8148, Test Feature Accuracy: 0.5316
Test Loss: 2.0037, Train Loss: 1.6979, Test Emotion Accuracy: 0.8233, Test Feature Accuracy: 0.5507
Test Loss: 2.0065, Train Loss: 1.6774, Test Emotion Accuracy: 0.8162, Test Feature Accuracy: 0.5522
Test Loss: 2.0174, Train Loss: 1.6724, Test Emotion Accuracy: 0.8155, Test Feature Accuracy: 0.5465
Test Loss: 1.9827, Train Loss: 1.6249, Test Emotion Accuracy: 0.8070, Test Feature Accuracy: 0.5444
Test Loss: 1.9544, Train Loss: 1.6109, Test Emotion Accuracy: 0.8105, Test Feature Accuracy: 0.5770
Test Loss: 1.9931, Train Loss: 1.5577, Test Emotion Accuracy: 0.8219, Test Feature Accuracy: 0.5571
Test Loss: 1.9319, Train Loss: 1.5163, Test Emotion Accuracy: 0.8226, Test Feature Accuracy: 0.5678
Test Loss: 1.8665, Train Loss: 1.4834, Test Emotion Accuracy: 0.8141, Test Feature Accuracy: 0.5898
Test Loss: 1.9364, Train Loss: 1.4445, Test Emotion Accuracy: 0.8148, Test Feature Accuracy: 0.5869
Test Loss: 1.8664, Train Loss: 1.3955, Test Emotion Accuracy: 0.8183, Test Feature Accuracy: 0.6026
Test Loss: 1.8427, Train Loss: 1.3287, Test Emotion Accuracy: 0.8176, Test Feature Accuracy: 0.6288
Test Loss: 1.7316, Train Loss: 1.2862, Test Emotion Accuracy: 0.8219, Test Feature Accuracy: 0.6700
Test Loss: 1.7944, Train Loss: 1.2236, Test Emotion Accuracy: 0.8233, Test Feature Accuracy: 0.6799
Test Loss: 1.7351, Train Loss: 1.1992, Test Emotion Accuracy: 0.8162, Test Feature Accuracy: 0.6962
Test Loss: 1.6778, Train Loss: 1.1384, Test Emotion Accuracy: 0.8219, Test Feature Accuracy: 0.6941
IN: TextClassificationModel_BiGRU_MHA
Test Loss: 3.8542, Train Loss: 4.3565, Test Emotion Accuracy: 0.6650, Test Feature Accuracy: 0.1079
Test Loss: 3.8265, Train Loss: 3.9834, Test Emotion Accuracy: 0.6650, Test Feature Accuracy: 0.1079
Test Loss: 3.8095, Train Loss: 3.9266, Test Emotion Accuracy: 0.6650, Test Feature Accuracy: 0.1079
Test Loss: 3.6557, Train Loss: 3.8578, Test Emotion Accuracy: 0.6650, Test Feature Accuracy: 0.1079
Test Loss: 3.1155, Train Loss: 3.4786, Test Emotion Accuracy: 0.7182, Test Feature Accuracy: 0.2832
Test Loss: 2.6911, Train Loss: 3.0066, Test Emotion Accuracy: 0.7750, Test Feature Accuracy: 0.3272
Test Loss: 2.4061, Train Loss: 2.6514, Test Emotion Accuracy: 0.7935, Test Feature Accuracy: 0.3854
Test Loss: 1.9733, Train Loss: 2.2754, Test Emotion Accuracy: 0.8098, Test Feature Accuracy: 0.5302
Test Loss: 1.6603, Train Loss: 1.9491, Test Emotion Accuracy: 0.8013, Test Feature Accuracy: 0.6813
Test Loss: 1.4618, Train Loss: 1.6943, Test Emotion Accuracy: 0.8098, Test Feature Accuracy: 0.7317
Test Loss: 1.3173, Train Loss: 1.5225, Test Emotion Accuracy: 0.8162, Test Feature Accuracy: 0.7708
Test Loss: 1.2284, Train Loss: 1.3753, Test Emotion Accuracy: 0.8070, Test Feature Accuracy: 0.7814
Test Loss: 1.1350, Train Loss: 1.2824, Test Emotion Accuracy: 0.8112, Test Feature Accuracy: 0.7935
Test Loss: 1.0887, Train Loss: 1.2071, Test Emotion Accuracy: 0.8190, Test Feature Accuracy: 0.7984
Test Loss: 1.0447, Train Loss: 1.1401, Test Emotion Accuracy: 0.8176, Test Feature Accuracy: 0.8474
Test Loss: 0.9859, Train Loss: 1.0987, Test Emotion Accuracy: 0.8133, Test Feature Accuracy: 0.8559
Test Loss: 0.9197, Train Loss: 1.0254, Test Emotion Accuracy: 0.7970, Test Feature Accuracy: 0.8808
Test Loss: 0.9127, Train Loss: 0.9850, Test Emotion Accuracy: 0.8126, Test Feature Accuracy: 0.8850
Test Loss: 0.8827, Train Loss: 0.9419, Test Emotion Accuracy: 0.8048, Test Feature Accuracy: 0.8935
Test Loss: 0.8706, Train Loss: 0.9390, Test Emotion Accuracy: 0.7835, Test Feature Accuracy: 0.9077
Test Loss: 0.8342, Train Loss: 0.8713, Test Emotion Accuracy: 0.8162, Test Feature Accuracy: 0.9006
Test Loss: 0.7978, Train Loss: 0.8580, Test Emotion Accuracy: 0.8091, Test Feature Accuracy: 0.9177
Test Loss: 0.7729, Train Loss: 0.8467, Test Emotion Accuracy: 0.8062, Test Feature Accuracy: 0.9297
Test Loss: 0.7523, Train Loss: 0.8215, Test Emotion Accuracy: 0.8155, Test Feature Accuracy: 0.9418
Test Loss: 0.7653, Train Loss: 0.7839, Test Emotion Accuracy: 0.8041, Test Feature Accuracy: 0.9383
Test Loss: 0.7331, Train Loss: 0.7711, Test Emotion Accuracy: 0.8091, Test Feature Accuracy: 0.9304
Test Loss: 0.7187, Train Loss: 0.7662, Test Emotion Accuracy: 0.8141, Test Feature Accuracy: 0.9454
Test Loss: 0.7082, Train Loss: 0.7374, Test Emotion Accuracy: 0.8190, Test Feature Accuracy: 0.9503
Test Loss: 0.7169, Train Loss: 0.7403, Test Emotion Accuracy: 0.8133, Test Feature Accuracy: 0.9496
Test Loss: 0.6945, Train Loss: 0.7300, Test Emotion Accuracy: 0.8133, Test Feature Accuracy: 0.9503
Test Loss: 0.6863, Train Loss: 0.7232, Test Emotion Accuracy: 0.8098, Test Feature Accuracy: 0.9517
Test Loss: 0.6957, Train Loss: 0.7180, Test Emotion Accuracy: 0.8098, Test Feature Accuracy: 0.9517
Test Loss: 0.6889, Train Loss: 0.6925, Test Emotion Accuracy: 0.8077, Test Feature Accuracy: 0.9468
Test Loss: 0.6816, Train Loss: 0.6662, Test Emotion Accuracy: 0.8048, Test Feature Accuracy: 0.9581
Test Loss: 0.6805, Train Loss: 0.6671, Test Emotion Accuracy: 0.8119, Test Feature Accuracy: 0.9517
Test Loss: 0.6725, Train Loss: 0.6603, Test Emotion Accuracy: 0.8084, Test Feature Accuracy: 0.9595
Test Loss: 0.6667, Train Loss: 0.6693, Test Emotion Accuracy: 0.8169, Test Feature Accuracy: 0.9588
Test Loss: 0.6475, Train Loss: 0.6635, Test Emotion Accuracy: 0.8112, Test Feature Accuracy: 0.9666
Test Loss: 0.6732, Train Loss: 0.6451, Test Emotion Accuracy: 0.8070, Test Feature Accuracy: 0.9645
Test Loss: 0.6663, Train Loss: 0.6319, Test Emotion Accuracy: 0.8148, Test Feature Accuracy: 0.9581
Test Loss: 0.6589, Train Loss: 0.6416, Test Emotion Accuracy: 0.8105, Test Feature Accuracy: 0.9652
Test Loss: 0.6424, Train Loss: 0.6114, Test Emotion Accuracy: 0.8119, Test Feature Accuracy: 0.9674
Test Loss: 0.6453, Train Loss: 0.6184, Test Emotion Accuracy: 0.8070, Test Feature Accuracy: 0.9702
Test Loss: 0.6473, Train Loss: 0.6111, Test Emotion Accuracy: 0.8126, Test Feature Accuracy: 0.9666
Test Loss: 0.6293, Train Loss: 0.6075, Test Emotion Accuracy: 0.8105, Test Feature Accuracy: 0.9688
Test Loss: 0.6159, Train Loss: 0.6047, Test Emotion Accuracy: 0.8155, Test Feature Accuracy: 0.9737
Test Loss: 0.6384, Train Loss: 0.5931, Test Emotion Accuracy: 0.8148, Test Feature Accuracy: 0.9695
Test Loss: 0.6305, Train Loss: 0.5916, Test Emotion Accuracy: 0.8162, Test Feature Accuracy: 0.9744
Test Loss: 0.6096, Train Loss: 0.5897, Test Emotion Accuracy: 0.8126, Test Feature Accuracy: 0.9759
Test Loss: 0.6342, Train Loss: 0.5812, Test Emotion Accuracy: 0.7906, Test Feature Accuracy: 0.9709
